<?xml version="1.0" encoding="UTF-8"?>
<testsuite xmlns:xsi="http://www.w3.org/2001/XMLSchema-instance" xsi:noNamespaceSchemaLocation="https://maven.apache.org/surefire/maven-surefire-plugin/xsd/surefire-test-report.xsd" name="com.surya.bookmarker.api.BookmarkControllerTest" time="22.501" tests="2" errors="0" skipped="0" failures="0">
  <properties>
[...]
</properties>
  <testcase name="shouldGetBookmark{int}[1]" classname="com.surya.bookmarker.api.BookmarkControllerTest" time="1.618"/>
  <testcase name="shouldGetBookmark{int}[2]" classname="com.surya.bookmarker.api.BookmarkControllerTest" time="0.143"/>
</testsuite>